2020-04-07 16:20:04.839 INFO [main] [com.stepdefinition.Codechargelogin_Definition] [the_Codecharge_page_is_Launched] [com.stepdefinition.Codechargelogin_Definition.the_Codecharge_page_is_Launched(Codechargelogin_Definition.java:21)] - browser is launched
2020-04-07 16:20:05.816 INFO [main] [com.stepdefinition.Codechargelogin_Definition] [the_and_details_are_entered_and_login_clicked] [com.stepdefinition.Codechargelogin_Definition.the_and_details_are_entered_and_login_clicked(Codechargelogin_Definition.java:29)] - details are given
2020-04-07 16:20:06.908 INFO [main] [com.stepdefinition.Codechargelogin_Definition] [the_browser_is_closed] [com.stepdefinition.Codechargelogin_Definition.the_browser_is_closed(Codechargelogin_Definition.java:39)] - browser closed sucessfully
2020-04-07 16:20:12.009 INFO [main] [com.stepdefinition.Codechargelogin_Definition] [the_Codecharge_page_is_Launched] [com.stepdefinition.Codechargelogin_Definition.the_Codecharge_page_is_Launched(Codechargelogin_Definition.java:21)] - browser is launched
2020-04-07 16:20:12.880 INFO [main] [com.stepdefinition.Codechargelogin_Definition] [the_and_details_are_entered_and_login_clicked] [com.stepdefinition.Codechargelogin_Definition.the_and_details_are_entered_and_login_clicked(Codechargelogin_Definition.java:29)] - details are given
2020-04-07 16:20:14.311 INFO [main] [com.stepdefinition.Codechargelogin_Definition] [the_browser_is_closed] [com.stepdefinition.Codechargelogin_Definition.the_browser_is_closed(Codechargelogin_Definition.java:39)] - browser closed sucessfully
2020-04-07 16:20:19.278 INFO [main] [com.stepdefinition.Codechargelogin_Definition] [the_Codecharge_page_is_Launched] [com.stepdefinition.Codechargelogin_Definition.the_Codecharge_page_is_Launched(Codechargelogin_Definition.java:21)] - browser is launched
2020-04-07 16:20:20.148 INFO [main] [com.stepdefinition.Codechargelogin_Definition] [the_and_details_are_entered_and_login_clicked] [com.stepdefinition.Codechargelogin_Definition.the_and_details_are_entered_and_login_clicked(Codechargelogin_Definition.java:29)] - details are given
2020-04-07 16:20:21.226 INFO [main] [com.stepdefinition.Codechargelogin_Definition] [the_browser_is_closed] [com.stepdefinition.Codechargelogin_Definition.the_browser_is_closed(Codechargelogin_Definition.java:39)] - browser closed sucessfully
2020-04-07 16:20:26.238 INFO [main] [com.stepdefinition.Codechargeemployee_Definition] [the_user_launch_the_browser] [com.stepdefinition.Codechargeemployee_Definition.the_user_launch_the_browser(Codechargeemployee_Definition.java:24)] - browser is opened
2020-04-07 16:20:27.105 INFO [main] [com.stepdefinition.Codechargeemployee_Definition] [the_user_launch_the_browser] [com.stepdefinition.Codechargeemployee_Definition.the_user_launch_the_browser(Codechargeemployee_Definition.java:29)] - Login sucessful
2020-04-07 16:20:30.213 INFO [main] [com.stepdefinition.Codechargeemployee_Definition] [click_add_button] [com.stepdefinition.Codechargeemployee_Definition.click_add_button(Codechargeemployee_Definition.java:50)] - screenshot taken succesfully
2020-04-07 16:20:30.858 INFO [main] [com.stepdefinition.Codechargeemployee_Definition] [click_add_button] [com.stepdefinition.Codechargeemployee_Definition.click_add_button(Codechargeemployee_Definition.java:52)] - browser is closed
2020-04-07 16:20:35.845 INFO [main] [com.stepdefinition.Codechargeproject_Definition] [the_user_launched_the_browser] [com.stepdefinition.Codechargeproject_Definition.the_user_launched_the_browser(Codechargeproject_Definition.java:24)] - browser is launched
2020-04-07 16:20:36.689 INFO [main] [com.stepdefinition.Codechargeproject_Definition] [the_user_launched_the_browser] [com.stepdefinition.Codechargeproject_Definition.the_user_launched_the_browser(Codechargeproject_Definition.java:29)] - login successful
2020-04-07 16:20:39.026 INFO [main] [com.stepdefinition.Codechargeproject_Definition] [click_on_project_and_add_details] [com.stepdefinition.Codechargeproject_Definition.click_on_project_and_add_details(Codechargeproject_Definition.java:40)] - new project is added
2020-04-07 16:20:39.329 INFO [main] [com.stepdefinition.Codechargeproject_Definition] [click_on_add_button] [com.stepdefinition.Codechargeproject_Definition.click_on_add_button(Codechargeproject_Definition.java:47)] - screenshot taken succesful
2020-04-07 16:20:40.745 INFO [main] [com.stepdefinition.Codechargeproject_Definition] [click_on_add_button] [com.stepdefinition.Codechargeproject_Definition.click_on_add_button(Codechargeproject_Definition.java:49)] - browser quit succesful
2020-04-07 16:20:45.717 INFO [main] [com.stepdefinition.Codechargestatus_Definition] [the_user_had_launched_the_browser] [com.stepdefinition.Codechargestatus_Definition.the_user_had_launched_the_browser(Codechargestatus_Definition.java:24)] - browser is launched
2020-04-07 16:20:46.556 INFO [main] [com.stepdefinition.Codechargestatus_Definition] [the_user_had_launched_the_browser] [com.stepdefinition.Codechargestatus_Definition.the_user_had_launched_the_browser(Codechargestatus_Definition.java:29)] - login successful
2020-04-07 16:20:48.892 INFO [main] [com.stepdefinition.Codechargestatus_Definition] [click_on_status_and_add_details] [com.stepdefinition.Codechargestatus_Definition.click_on_status_and_add_details(Codechargestatus_Definition.java:40)] - new status added succesfully
2020-04-07 16:20:49.867 INFO [main] [com.stepdefinition.Codechargestatus_Definition] [click_on_add_button_and_quit] [com.stepdefinition.Codechargestatus_Definition.click_on_add_button_and_quit(Codechargestatus_Definition.java:49)] - browser quit succesful
2020-04-07 16:20:54.856 INFO [main] [com.stepdefinition.Codechargetype_Definition] [the_user_launches_the_browser] [com.stepdefinition.Codechargetype_Definition.the_user_launches_the_browser(Codechargetype_Definition.java:24)] - browser is launched
2020-04-07 16:20:55.712 INFO [main] [com.stepdefinition.Codechargetype_Definition] [the_user_launches_the_browser] [com.stepdefinition.Codechargetype_Definition.the_user_launches_the_browser(Codechargetype_Definition.java:29)] - login successful
2020-04-07 16:20:58.064 INFO [main] [com.stepdefinition.Codechargetype_Definition] [click_on_type_and_add_details] [com.stepdefinition.Codechargetype_Definition.click_on_type_and_add_details(Codechargetype_Definition.java:40)] - added new type
2020-04-07 16:20:58.998 INFO [main] [com.stepdefinition.Codechargetype_Definition] [click_on_add_button_and_submit] [com.stepdefinition.Codechargetype_Definition.click_on_add_button_and_submit(Codechargetype_Definition.java:49)] - browser quit successfully
2020-04-07 17:08:07.346 INFO [main] [com.stepdefinition.Codechargelogin_Definition] [the_Codecharge_page_is_Launched] [com.stepdefinition.Codechargelogin_Definition.the_Codecharge_page_is_Launched(Codechargelogin_Definition.java:21)] - browser is launched
2020-04-07 17:08:08.437 INFO [main] [com.stepdefinition.Codechargelogin_Definition] [the_and_details_are_entered_and_login_clicked] [com.stepdefinition.Codechargelogin_Definition.the_and_details_are_entered_and_login_clicked(Codechargelogin_Definition.java:29)] - details are given
2020-04-07 17:08:09.782 INFO [main] [com.stepdefinition.Codechargelogin_Definition] [the_browser_is_closed] [com.stepdefinition.Codechargelogin_Definition.the_browser_is_closed(Codechargelogin_Definition.java:39)] - browser closed sucessfully
2020-04-07 17:08:15.171 INFO [main] [com.stepdefinition.Codechargelogin_Definition] [the_Codecharge_page_is_Launched] [com.stepdefinition.Codechargelogin_Definition.the_Codecharge_page_is_Launched(Codechargelogin_Definition.java:21)] - browser is launched
2020-04-07 17:08:16.238 INFO [main] [com.stepdefinition.Codechargelogin_Definition] [the_and_details_are_entered_and_login_clicked] [com.stepdefinition.Codechargelogin_Definition.the_and_details_are_entered_and_login_clicked(Codechargelogin_Definition.java:29)] - details are given
2020-04-07 17:08:17.298 INFO [main] [com.stepdefinition.Codechargelogin_Definition] [the_browser_is_closed] [com.stepdefinition.Codechargelogin_Definition.the_browser_is_closed(Codechargelogin_Definition.java:39)] - browser closed sucessfully
2020-04-07 17:08:22.769 INFO [main] [com.stepdefinition.Codechargelogin_Definition] [the_Codecharge_page_is_Launched] [com.stepdefinition.Codechargelogin_Definition.the_Codecharge_page_is_Launched(Codechargelogin_Definition.java:21)] - browser is launched
2020-04-07 17:08:24.072 INFO [main] [com.stepdefinition.Codechargelogin_Definition] [the_and_details_are_entered_and_login_clicked] [com.stepdefinition.Codechargelogin_Definition.the_and_details_are_entered_and_login_clicked(Codechargelogin_Definition.java:29)] - details are given
2020-04-07 17:08:25.416 INFO [main] [com.stepdefinition.Codechargelogin_Definition] [the_browser_is_closed] [com.stepdefinition.Codechargelogin_Definition.the_browser_is_closed(Codechargelogin_Definition.java:39)] - browser closed sucessfully
2020-04-07 17:08:31.356 INFO [main] [com.stepdefinition.Codechargeemployee_Definition] [the_user_launch_the_browser] [com.stepdefinition.Codechargeemployee_Definition.the_user_launch_the_browser(Codechargeemployee_Definition.java:24)] - browser is opened
2020-04-07 17:08:32.587 INFO [main] [com.stepdefinition.Codechargeemployee_Definition] [the_user_launch_the_browser] [com.stepdefinition.Codechargeemployee_Definition.the_user_launch_the_browser(Codechargeemployee_Definition.java:29)] - Login sucessful
2020-04-07 17:08:36.310 INFO [main] [com.stepdefinition.Codechargeemployee_Definition] [click_add_button] [com.stepdefinition.Codechargeemployee_Definition.click_add_button(Codechargeemployee_Definition.java:50)] - screenshot taken succesfully
2020-04-07 17:08:37.259 INFO [main] [com.stepdefinition.Codechargeemployee_Definition] [click_add_button] [com.stepdefinition.Codechargeemployee_Definition.click_add_button(Codechargeemployee_Definition.java:52)] - browser is closed
2020-04-07 17:08:42.661 INFO [main] [com.stepdefinition.Codechargeproject_Definition] [the_user_launched_the_browser] [com.stepdefinition.Codechargeproject_Definition.the_user_launched_the_browser(Codechargeproject_Definition.java:24)] - browser is launched
2020-04-07 17:08:43.657 INFO [main] [com.stepdefinition.Codechargeproject_Definition] [the_user_launched_the_browser] [com.stepdefinition.Codechargeproject_Definition.the_user_launched_the_browser(Codechargeproject_Definition.java:29)] - login successful
2020-04-07 17:08:46.374 INFO [main] [com.stepdefinition.Codechargeproject_Definition] [click_on_project_and_add_details] [com.stepdefinition.Codechargeproject_Definition.click_on_project_and_add_details(Codechargeproject_Definition.java:40)] - new project is added
2020-04-07 17:08:46.800 INFO [main] [com.stepdefinition.Codechargeproject_Definition] [click_on_add_button] [com.stepdefinition.Codechargeproject_Definition.click_on_add_button(Codechargeproject_Definition.java:47)] - screenshot taken succesful
2020-04-07 17:08:47.526 INFO [main] [com.stepdefinition.Codechargeproject_Definition] [click_on_add_button] [com.stepdefinition.Codechargeproject_Definition.click_on_add_button(Codechargeproject_Definition.java:49)] - browser quit succesful
2020-04-07 17:08:52.910 INFO [main] [com.stepdefinition.Codechargestatus_Definition] [the_user_had_launched_the_browser] [com.stepdefinition.Codechargestatus_Definition.the_user_had_launched_the_browser(Codechargestatus_Definition.java:24)] - browser is launched
2020-04-07 17:08:54.041 INFO [main] [com.stepdefinition.Codechargestatus_Definition] [the_user_had_launched_the_browser] [com.stepdefinition.Codechargestatus_Definition.the_user_had_launched_the_browser(Codechargestatus_Definition.java:29)] - login successful
2020-04-07 17:08:57.406 INFO [main] [com.stepdefinition.Codechargestatus_Definition] [click_on_status_and_add_details] [com.stepdefinition.Codechargestatus_Definition.click_on_status_and_add_details(Codechargestatus_Definition.java:40)] - new status added succesfully
2020-04-07 17:08:58.617 INFO [main] [com.stepdefinition.Codechargestatus_Definition] [click_on_add_button_and_quit] [com.stepdefinition.Codechargestatus_Definition.click_on_add_button_and_quit(Codechargestatus_Definition.java:49)] - browser quit succesful
2020-04-07 17:09:04.277 INFO [main] [com.stepdefinition.Codechargetype_Definition] [the_user_launches_the_browser] [com.stepdefinition.Codechargetype_Definition.the_user_launches_the_browser(Codechargetype_Definition.java:24)] - browser is launched
2020-04-07 17:09:05.477 INFO [main] [com.stepdefinition.Codechargetype_Definition] [the_user_launches_the_browser] [com.stepdefinition.Codechargetype_Definition.the_user_launches_the_browser(Codechargetype_Definition.java:29)] - login successful
2020-04-07 17:09:09.163 INFO [main] [com.stepdefinition.Codechargetype_Definition] [click_on_type_and_add_details] [com.stepdefinition.Codechargetype_Definition.click_on_type_and_add_details(Codechargetype_Definition.java:40)] - added new type
2020-04-07 17:09:10.151 INFO [main] [com.stepdefinition.Codechargetype_Definition] [click_on_add_button_and_submit] [com.stepdefinition.Codechargetype_Definition.click_on_add_button_and_submit(Codechargetype_Definition.java:49)] - browser quit successfully
2020-04-07 21:15:55.349 INFO [main] [com.stepdefinition.Codechargelogin_Definition] [the_Codecharge_page_is_Launched] [com.stepdefinition.Codechargelogin_Definition.the_Codecharge_page_is_Launched(Codechargelogin_Definition.java:21)] - browser is launched
2020-04-07 21:15:57.168 INFO [main] [com.stepdefinition.Codechargelogin_Definition] [the_and_details_are_entered_and_login_clicked] [com.stepdefinition.Codechargelogin_Definition.the_and_details_are_entered_and_login_clicked(Codechargelogin_Definition.java:29)] - details are given
2020-04-07 21:15:58.299 INFO [main] [com.stepdefinition.Codechargelogin_Definition] [the_browser_is_closed] [com.stepdefinition.Codechargelogin_Definition.the_browser_is_closed(Codechargelogin_Definition.java:39)] - browser closed sucessfully
2020-04-07 21:16:10.247 INFO [main] [com.stepdefinition.Codechargelogin_Definition] [the_Codecharge_page_is_Launched] [com.stepdefinition.Codechargelogin_Definition.the_Codecharge_page_is_Launched(Codechargelogin_Definition.java:21)] - browser is launched
2020-04-07 21:16:11.430 INFO [main] [com.stepdefinition.Codechargelogin_Definition] [the_and_details_are_entered_and_login_clicked] [com.stepdefinition.Codechargelogin_Definition.the_and_details_are_entered_and_login_clicked(Codechargelogin_Definition.java:29)] - details are given
2020-04-07 21:16:12.500 INFO [main] [com.stepdefinition.Codechargelogin_Definition] [the_browser_is_closed] [com.stepdefinition.Codechargelogin_Definition.the_browser_is_closed(Codechargelogin_Definition.java:39)] - browser closed sucessfully
2020-04-07 21:16:24.244 INFO [main] [com.stepdefinition.Codechargelogin_Definition] [the_Codecharge_page_is_Launched] [com.stepdefinition.Codechargelogin_Definition.the_Codecharge_page_is_Launched(Codechargelogin_Definition.java:21)] - browser is launched
2020-04-07 21:16:25.587 INFO [main] [com.stepdefinition.Codechargelogin_Definition] [the_and_details_are_entered_and_login_clicked] [com.stepdefinition.Codechargelogin_Definition.the_and_details_are_entered_and_login_clicked(Codechargelogin_Definition.java:29)] - details are given
2020-04-07 21:16:27.051 INFO [main] [com.stepdefinition.Codechargelogin_Definition] [the_browser_is_closed] [com.stepdefinition.Codechargelogin_Definition.the_browser_is_closed(Codechargelogin_Definition.java:39)] - browser closed sucessfully
2020-04-07 21:16:38.601 INFO [main] [com.stepdefinition.Codechargeemployee_Definition] [the_user_launch_the_browser] [com.stepdefinition.Codechargeemployee_Definition.the_user_launch_the_browser(Codechargeemployee_Definition.java:24)] - browser is opened
2020-04-07 21:16:40.113 INFO [main] [com.stepdefinition.Codechargeemployee_Definition] [the_user_launch_the_browser] [com.stepdefinition.Codechargeemployee_Definition.the_user_launch_the_browser(Codechargeemployee_Definition.java:29)] - Login sucessful
2020-04-07 21:16:44.410 INFO [main] [com.stepdefinition.Codechargeemployee_Definition] [click_add_button] [com.stepdefinition.Codechargeemployee_Definition.click_add_button(Codechargeemployee_Definition.java:50)] - screenshot taken succesfully
2020-04-07 21:16:45.100 INFO [main] [com.stepdefinition.Codechargeemployee_Definition] [click_add_button] [com.stepdefinition.Codechargeemployee_Definition.click_add_button(Codechargeemployee_Definition.java:52)] - browser is closed
2020-04-07 21:16:56.824 INFO [main] [com.stepdefinition.Codechargeproject_Definition] [the_user_launched_the_browser] [com.stepdefinition.Codechargeproject_Definition.the_user_launched_the_browser(Codechargeproject_Definition.java:24)] - browser is launched
2020-04-07 21:16:57.975 INFO [main] [com.stepdefinition.Codechargeproject_Definition] [the_user_launched_the_browser] [com.stepdefinition.Codechargeproject_Definition.the_user_launched_the_browser(Codechargeproject_Definition.java:29)] - login successful
2020-04-07 21:17:01.806 INFO [main] [com.stepdefinition.Codechargeproject_Definition] [click_on_project_and_add_details] [com.stepdefinition.Codechargeproject_Definition.click_on_project_and_add_details(Codechargeproject_Definition.java:40)] - new project is added
2020-04-07 21:17:02.297 INFO [main] [com.stepdefinition.Codechargeproject_Definition] [click_on_add_button] [com.stepdefinition.Codechargeproject_Definition.click_on_add_button(Codechargeproject_Definition.java:47)] - screenshot taken succesful
2020-04-07 21:17:03.047 INFO [main] [com.stepdefinition.Codechargeproject_Definition] [click_on_add_button] [com.stepdefinition.Codechargeproject_Definition.click_on_add_button(Codechargeproject_Definition.java:49)] - browser quit succesful
2020-04-07 21:17:14.830 INFO [main] [com.stepdefinition.Codechargestatus_Definition] [the_user_had_launched_the_browser] [com.stepdefinition.Codechargestatus_Definition.the_user_had_launched_the_browser(Codechargestatus_Definition.java:24)] - browser is launched
2020-04-07 21:17:16.285 INFO [main] [com.stepdefinition.Codechargestatus_Definition] [the_user_had_launched_the_browser] [com.stepdefinition.Codechargestatus_Definition.the_user_had_launched_the_browser(Codechargestatus_Definition.java:29)] - login successful
2020-04-07 21:17:19.922 INFO [main] [com.stepdefinition.Codechargestatus_Definition] [click_on_status_and_add_details] [com.stepdefinition.Codechargestatus_Definition.click_on_status_and_add_details(Codechargestatus_Definition.java:40)] - new status added succesfully
2020-04-07 21:17:21.263 INFO [main] [com.stepdefinition.Codechargestatus_Definition] [click_on_add_button_and_quit] [com.stepdefinition.Codechargestatus_Definition.click_on_add_button_and_quit(Codechargestatus_Definition.java:49)] - browser quit succesful
2020-04-07 21:17:32.999 INFO [main] [com.stepdefinition.Codechargetype_Definition] [the_user_launches_the_browser] [com.stepdefinition.Codechargetype_Definition.the_user_launches_the_browser(Codechargetype_Definition.java:24)] - browser is launched
2020-04-07 21:17:34.005 INFO [main] [com.stepdefinition.Codechargetype_Definition] [the_user_launches_the_browser] [com.stepdefinition.Codechargetype_Definition.the_user_launches_the_browser(Codechargetype_Definition.java:29)] - login successful
2020-04-07 21:17:36.806 INFO [main] [com.stepdefinition.Codechargetype_Definition] [click_on_type_and_add_details] [com.stepdefinition.Codechargetype_Definition.click_on_type_and_add_details(Codechargetype_Definition.java:40)] - added new type
2020-04-07 21:17:37.825 INFO [main] [com.stepdefinition.Codechargetype_Definition] [click_on_add_button_and_submit] [com.stepdefinition.Codechargetype_Definition.click_on_add_button_and_submit(Codechargetype_Definition.java:49)] - browser quit successfully
